[0.141s] DEBUG:colcon:Command line arguments: ['/usr/bin/colcon', 'build', '--packages-select', 'my_bot']
[0.142s] DEBUG:colcon:Parsed command line arguments: Namespace(log_base=None, log_level=None, verb_name='build', build_base='build', install_base='install', merge_install=False, symlink_install=False, test_result_base=None, continue_on_error=False, executor='parallel', parallel_workers=2, event_handlers=None, ignore_user_meta=False, metas=['./colcon.meta'], base_paths=['.'], packages_ignore=None, packages_ignore_regex=None, paths=None, packages_up_to=None, packages_up_to_regex=None, packages_above=None, packages_above_and_dependencies=None, packages_above_depth=None, packages_select_by_dep=None, packages_skip_by_dep=None, packages_skip_up_to=None, packages_select_build_failed=False, packages_skip_build_finished=False, packages_select_test_failures=False, packages_skip_test_passed=False, packages_select=['my_bot'], packages_skip=None, packages_select_regex=None, packages_skip_regex=None, packages_start=None, packages_end=None, allow_overriding=[], cmake_args=None, cmake_target=None, cmake_target_skip_unavailable=False, cmake_clean_cache=False, cmake_clean_first=False, cmake_force_configure=False, ament_cmake_args=None, catkin_cmake_args=None, catkin_skip_building_tests=False, verb_parser=<colcon_defaults.argument_parser.defaults.DefaultArgumentsDecorator object at 0x7350f7c4dd20>, verb_extension=<colcon_core.verb.build.BuildVerb object at 0x7350f7dbb340>, main=<bound method BuildVerb.main of <colcon_core.verb.build.BuildVerb object at 0x7350f7dbb340>>)
[0.329s] Level 1:colcon.colcon_core.package_discovery:discover_packages(colcon_meta) check parameters
[0.330s] Level 1:colcon.colcon_core.package_discovery:discover_packages(recursive) check parameters
[0.330s] Level 1:colcon.colcon_core.package_discovery:discover_packages(ignore) check parameters
[0.330s] Level 1:colcon.colcon_core.package_discovery:discover_packages(path) check parameters
[0.330s] Level 1:colcon.colcon_core.package_discovery:discover_packages(colcon_meta) discover
[0.330s] Level 1:colcon.colcon_core.package_discovery:discover_packages(recursive) discover
[0.330s] INFO:colcon.colcon_core.package_discovery:Crawling recursively for packages in '/home/chaker/turtlebot3_ws/MyBots'
[0.330s] Level 1:colcon.colcon_core.package_identification:_identify(.) by extensions ['ignore', 'ignore_ament_install']
[0.330s] Level 1:colcon.colcon_core.package_identification:_identify(.) by extension 'ignore'
[0.330s] Level 1:colcon.colcon_core.package_identification:_identify(.) by extension 'ignore_ament_install'
[0.330s] Level 1:colcon.colcon_core.package_identification:_identify(.) by extensions ['colcon_pkg']
[0.330s] Level 1:colcon.colcon_core.package_identification:_identify(.) by extension 'colcon_pkg'
[0.330s] Level 1:colcon.colcon_core.package_identification:_identify(.) by extensions ['colcon_meta']
[0.330s] Level 1:colcon.colcon_core.package_identification:_identify(.) by extension 'colcon_meta'
[0.330s] Level 1:colcon.colcon_core.package_identification:_identify(.) by extensions ['ros']
[0.330s] Level 1:colcon.colcon_core.package_identification:_identify(.) by extension 'ros'
[0.343s] Level 1:colcon.colcon_core.package_identification:_identify(.) by extensions ['cmake', 'python']
[0.343s] Level 1:colcon.colcon_core.package_identification:_identify(.) by extension 'cmake'
[0.343s] Level 1:colcon.colcon_core.package_identification:_identify(.) by extension 'python'
[0.343s] Level 1:colcon.colcon_core.package_identification:_identify(.) by extensions ['python_setup_py']
[0.344s] Level 1:colcon.colcon_core.package_identification:_identify(.) by extension 'python_setup_py'
[0.344s] Level 1:colcon.colcon_core.package_identification:_identify(build) by extensions ['ignore', 'ignore_ament_install']
[0.344s] Level 1:colcon.colcon_core.package_identification:_identify(build) by extension 'ignore'
[0.344s] Level 1:colcon.colcon_core.package_identification:_identify(build) ignored
[0.344s] Level 1:colcon.colcon_core.package_identification:_identify(install) by extensions ['ignore', 'ignore_ament_install']
[0.344s] Level 1:colcon.colcon_core.package_identification:_identify(install) by extension 'ignore'
[0.344s] Level 1:colcon.colcon_core.package_identification:_identify(install) ignored
[0.344s] Level 1:colcon.colcon_core.package_identification:_identify(log) by extensions ['ignore', 'ignore_ament_install']
[0.344s] Level 1:colcon.colcon_core.package_identification:_identify(log) by extension 'ignore'
[0.344s] Level 1:colcon.colcon_core.package_identification:_identify(log) ignored
[0.344s] Level 1:colcon.colcon_core.package_identification:_identify(src) by extensions ['ignore', 'ignore_ament_install']
[0.344s] Level 1:colcon.colcon_core.package_identification:_identify(src) by extension 'ignore'
[0.345s] Level 1:colcon.colcon_core.package_identification:_identify(src) by extension 'ignore_ament_install'
[0.345s] Level 1:colcon.colcon_core.package_identification:_identify(src) by extensions ['colcon_pkg']
[0.345s] Level 1:colcon.colcon_core.package_identification:_identify(src) by extension 'colcon_pkg'
[0.345s] Level 1:colcon.colcon_core.package_identification:_identify(src) by extensions ['colcon_meta']
[0.345s] Level 1:colcon.colcon_core.package_identification:_identify(src) by extension 'colcon_meta'
[0.345s] Level 1:colcon.colcon_core.package_identification:_identify(src) by extensions ['ros']
[0.345s] Level 1:colcon.colcon_core.package_identification:_identify(src) by extension 'ros'
[0.345s] Level 1:colcon.colcon_core.package_identification:_identify(src) by extensions ['cmake', 'python']
[0.345s] Level 1:colcon.colcon_core.package_identification:_identify(src) by extension 'cmake'
[0.345s] Level 1:colcon.colcon_core.package_identification:_identify(src) by extension 'python'
[0.345s] Level 1:colcon.colcon_core.package_identification:_identify(src) by extensions ['python_setup_py']
[0.345s] Level 1:colcon.colcon_core.package_identification:_identify(src) by extension 'python_setup_py'
[0.345s] Level 1:colcon.colcon_core.package_identification:_identify(src/line_bot) by extensions ['ignore', 'ignore_ament_install']
[0.345s] Level 1:colcon.colcon_core.package_identification:_identify(src/line_bot) by extension 'ignore'
[0.345s] Level 1:colcon.colcon_core.package_identification:_identify(src/line_bot) by extension 'ignore_ament_install'
[0.345s] Level 1:colcon.colcon_core.package_identification:_identify(src/line_bot) by extensions ['colcon_pkg']
[0.345s] Level 1:colcon.colcon_core.package_identification:_identify(src/line_bot) by extension 'colcon_pkg'
[0.345s] Level 1:colcon.colcon_core.package_identification:_identify(src/line_bot) by extensions ['colcon_meta']
[0.345s] Level 1:colcon.colcon_core.package_identification:_identify(src/line_bot) by extension 'colcon_meta'
[0.345s] Level 1:colcon.colcon_core.package_identification:_identify(src/line_bot) by extensions ['ros']
[0.345s] Level 1:colcon.colcon_core.package_identification:_identify(src/line_bot) by extension 'ros'
[0.349s] DEBUG:colcon.colcon_core.package_identification:Package 'src/line_bot' with type 'ros.ament_cmake' and name 'line_bot'
[0.349s] Level 1:colcon.colcon_core.package_identification:_identify(src/my_bot) by extensions ['ignore', 'ignore_ament_install']
[0.349s] Level 1:colcon.colcon_core.package_identification:_identify(src/my_bot) by extension 'ignore'
[0.350s] Level 1:colcon.colcon_core.package_identification:_identify(src/my_bot) by extension 'ignore_ament_install'
[0.350s] Level 1:colcon.colcon_core.package_identification:_identify(src/my_bot) by extensions ['colcon_pkg']
[0.350s] Level 1:colcon.colcon_core.package_identification:_identify(src/my_bot) by extension 'colcon_pkg'
[0.350s] Level 1:colcon.colcon_core.package_identification:_identify(src/my_bot) by extensions ['colcon_meta']
[0.350s] Level 1:colcon.colcon_core.package_identification:_identify(src/my_bot) by extension 'colcon_meta'
[0.350s] Level 1:colcon.colcon_core.package_identification:_identify(src/my_bot) by extensions ['ros']
[0.350s] Level 1:colcon.colcon_core.package_identification:_identify(src/my_bot) by extension 'ros'
[0.351s] DEBUG:colcon.colcon_core.package_identification:Package 'src/my_bot' with type 'ros.ament_cmake' and name 'my_bot'
[0.351s] Level 1:colcon.colcon_core.package_discovery:discover_packages(recursive) using defaults
[0.351s] Level 1:colcon.colcon_core.package_discovery:discover_packages(ignore) discover
[0.351s] Level 1:colcon.colcon_core.package_discovery:discover_packages(ignore) using defaults
[0.351s] Level 1:colcon.colcon_core.package_discovery:discover_packages(path) discover
[0.351s] Level 1:colcon.colcon_core.package_discovery:discover_packages(path) using defaults
[0.415s] INFO:colcon.colcon_core.package_selection:Skipping not selected package 'line_bot' in 'src/line_bot'
[0.415s] Level 1:colcon.colcon_core.package_discovery:discover_packages(prefix_path) check parameters
[0.415s] Level 1:colcon.colcon_core.package_discovery:discover_packages(prefix_path) discover
[0.418s] DEBUG:colcon.colcon_installed_package_information.package_discovery:Found 388 installed packages in /opt/ros/humble
[0.420s] Level 1:colcon.colcon_core.package_discovery:discover_packages(prefix_path) using defaults
[0.469s] Level 5:colcon.colcon_core.verb:set package 'my_bot' build argument 'cmake_args' from command line to 'None'
[0.469s] Level 5:colcon.colcon_core.verb:set package 'my_bot' build argument 'cmake_target' from command line to 'None'
[0.470s] Level 5:colcon.colcon_core.verb:set package 'my_bot' build argument 'cmake_target_skip_unavailable' from command line to 'False'
[0.470s] Level 5:colcon.colcon_core.verb:set package 'my_bot' build argument 'cmake_clean_cache' from command line to 'False'
[0.470s] Level 5:colcon.colcon_core.verb:set package 'my_bot' build argument 'cmake_clean_first' from command line to 'False'
[0.470s] Level 5:colcon.colcon_core.verb:set package 'my_bot' build argument 'cmake_force_configure' from command line to 'False'
[0.470s] Level 5:colcon.colcon_core.verb:set package 'my_bot' build argument 'ament_cmake_args' from command line to 'None'
[0.470s] Level 5:colcon.colcon_core.verb:set package 'my_bot' build argument 'catkin_cmake_args' from command line to 'None'
[0.470s] Level 5:colcon.colcon_core.verb:set package 'my_bot' build argument 'catkin_skip_building_tests' from command line to 'False'
[0.470s] DEBUG:colcon.colcon_core.verb:Building package 'my_bot' with the following arguments: {'ament_cmake_args': None, 'build_base': '/home/chaker/turtlebot3_ws/MyBots/build/my_bot', 'catkin_cmake_args': None, 'catkin_skip_building_tests': False, 'cmake_args': None, 'cmake_clean_cache': False, 'cmake_clean_first': False, 'cmake_force_configure': False, 'cmake_target': None, 'cmake_target_skip_unavailable': False, 'install_base': '/home/chaker/turtlebot3_ws/MyBots/install/my_bot', 'merge_install': False, 'path': '/home/chaker/turtlebot3_ws/MyBots/src/my_bot', 'symlink_install': False, 'test_result_base': None}
[0.470s] INFO:colcon.colcon_core.executor:Executing jobs using 'parallel' executor
[0.471s] DEBUG:colcon.colcon_parallel_executor.executor.parallel:run_until_complete
[0.472s] INFO:colcon.colcon_ros.task.ament_cmake.build:Building ROS package in '/home/chaker/turtlebot3_ws/MyBots/src/my_bot' with build type 'ament_cmake'
[0.472s] INFO:colcon.colcon_cmake.task.cmake.build:Building CMake package in '/home/chaker/turtlebot3_ws/MyBots/src/my_bot'
[0.475s] INFO:colcon.colcon_core.plugin_system:Skipping extension 'colcon_core.shell.bat': Not used on non-Windows systems
[0.476s] INFO:colcon.colcon_core.shell:Skip shell extension 'powershell' for command environment: Not usable outside of PowerShell
[0.476s] DEBUG:colcon.colcon_core.shell:Skip shell extension 'dsv' for command environment
[0.494s] DEBUG:colcon.colcon_core.event_handler.log_command:Invoking command in '/home/chaker/turtlebot3_ws/MyBots/build/my_bot': CMAKE_PREFIX_PATH=/opt/ros/humble /usr/bin/cmake /home/chaker/turtlebot3_ws/MyBots/src/my_bot -DCMAKE_INSTALL_PREFIX=/home/chaker/turtlebot3_ws/MyBots/install/my_bot
[3.050s] DEBUG:colcon.colcon_core.event_handler.log_command:Invoked command in '/home/chaker/turtlebot3_ws/MyBots/build/my_bot' returned '0': CMAKE_PREFIX_PATH=/opt/ros/humble /usr/bin/cmake /home/chaker/turtlebot3_ws/MyBots/src/my_bot -DCMAKE_INSTALL_PREFIX=/home/chaker/turtlebot3_ws/MyBots/install/my_bot
[3.052s] DEBUG:colcon.colcon_core.event_handler.log_command:Invoking command in '/home/chaker/turtlebot3_ws/MyBots/build/my_bot': CMAKE_PREFIX_PATH=/opt/ros/humble /usr/bin/cmake --build /home/chaker/turtlebot3_ws/MyBots/build/my_bot -- -j2 -l2
[9.084s] DEBUG:colcon.colcon_core.event_handler.log_command:Invoked command in '/home/chaker/turtlebot3_ws/MyBots/build/my_bot' returned '0': CMAKE_PREFIX_PATH=/opt/ros/humble /usr/bin/cmake --build /home/chaker/turtlebot3_ws/MyBots/build/my_bot -- -j2 -l2
[9.122s] DEBUG:colcon.colcon_core.event_handler.log_command:Invoking command in '/home/chaker/turtlebot3_ws/MyBots/build/my_bot': CMAKE_PREFIX_PATH=/opt/ros/humble /usr/bin/cmake --install /home/chaker/turtlebot3_ws/MyBots/build/my_bot
[9.136s] Level 1:colcon.colcon_core.environment:create_environment_scripts_only(my_bot)
[9.136s] DEBUG:colcon.colcon_core.event_handler.log_command:Invoked command in '/home/chaker/turtlebot3_ws/MyBots/build/my_bot' returned '0': CMAKE_PREFIX_PATH=/opt/ros/humble /usr/bin/cmake --install /home/chaker/turtlebot3_ws/MyBots/build/my_bot
[9.138s] Level 1:colcon.colcon_core.environment:checking '/home/chaker/turtlebot3_ws/MyBots/install/my_bot' for CMake module files
[9.139s] Level 1:colcon.colcon_core.environment:checking '/home/chaker/turtlebot3_ws/MyBots/install/my_bot' for CMake config files
[9.139s] Level 1:colcon.colcon_core.shell:create_environment_hook('my_bot', 'cmake_prefix_path')
[9.139s] INFO:colcon.colcon_core.shell:Creating environment hook '/home/chaker/turtlebot3_ws/MyBots/install/my_bot/share/my_bot/hook/cmake_prefix_path.ps1'
[9.140s] INFO:colcon.colcon_core.shell:Creating environment descriptor '/home/chaker/turtlebot3_ws/MyBots/install/my_bot/share/my_bot/hook/cmake_prefix_path.dsv'
[9.141s] INFO:colcon.colcon_core.shell:Creating environment hook '/home/chaker/turtlebot3_ws/MyBots/install/my_bot/share/my_bot/hook/cmake_prefix_path.sh'
[9.142s] Level 1:colcon.colcon_core.environment:checking '/home/chaker/turtlebot3_ws/MyBots/install/my_bot/lib'
[9.142s] Level 1:colcon.colcon_core.environment:checking '/home/chaker/turtlebot3_ws/MyBots/install/my_bot/bin'
[9.142s] Level 1:colcon.colcon_core.environment:checking '/home/chaker/turtlebot3_ws/MyBots/install/my_bot/lib/pkgconfig/my_bot.pc'
[9.142s] Level 1:colcon.colcon_core.environment:checking '/home/chaker/turtlebot3_ws/MyBots/install/my_bot/lib/python3.10/site-packages'
[9.142s] Level 1:colcon.colcon_core.environment:checking '/home/chaker/turtlebot3_ws/MyBots/install/my_bot/bin'
[9.143s] INFO:colcon.colcon_core.shell:Creating package script '/home/chaker/turtlebot3_ws/MyBots/install/my_bot/share/my_bot/package.ps1'
[9.144s] INFO:colcon.colcon_core.shell:Creating package descriptor '/home/chaker/turtlebot3_ws/MyBots/install/my_bot/share/my_bot/package.dsv'
[9.144s] INFO:colcon.colcon_core.shell:Creating package script '/home/chaker/turtlebot3_ws/MyBots/install/my_bot/share/my_bot/package.sh'
[9.145s] INFO:colcon.colcon_core.shell:Creating package script '/home/chaker/turtlebot3_ws/MyBots/install/my_bot/share/my_bot/package.bash'
[9.146s] INFO:colcon.colcon_core.shell:Creating package script '/home/chaker/turtlebot3_ws/MyBots/install/my_bot/share/my_bot/package.zsh'
[9.147s] Level 1:colcon.colcon_core.environment:create_file_with_runtime_dependencies(/home/chaker/turtlebot3_ws/MyBots/install/my_bot/share/colcon-core/packages/my_bot)
[9.174s] Level 1:colcon.colcon_core.environment:create_environment_scripts_only(my_bot)
[9.175s] Level 1:colcon.colcon_core.environment:checking '/home/chaker/turtlebot3_ws/MyBots/install/my_bot' for CMake module files
[9.175s] Level 1:colcon.colcon_core.environment:checking '/home/chaker/turtlebot3_ws/MyBots/install/my_bot' for CMake config files
[9.175s] Level 1:colcon.colcon_core.shell:create_environment_hook('my_bot', 'cmake_prefix_path')
[9.175s] INFO:colcon.colcon_core.shell:Creating environment hook '/home/chaker/turtlebot3_ws/MyBots/install/my_bot/share/my_bot/hook/cmake_prefix_path.ps1'
[9.176s] INFO:colcon.colcon_core.shell:Creating environment descriptor '/home/chaker/turtlebot3_ws/MyBots/install/my_bot/share/my_bot/hook/cmake_prefix_path.dsv'
[9.177s] INFO:colcon.colcon_core.shell:Creating environment hook '/home/chaker/turtlebot3_ws/MyBots/install/my_bot/share/my_bot/hook/cmake_prefix_path.sh'
[9.178s] Level 1:colcon.colcon_core.environment:checking '/home/chaker/turtlebot3_ws/MyBots/install/my_bot/lib'
[9.178s] Level 1:colcon.colcon_core.environment:checking '/home/chaker/turtlebot3_ws/MyBots/install/my_bot/bin'
[9.178s] Level 1:colcon.colcon_core.environment:checking '/home/chaker/turtlebot3_ws/MyBots/install/my_bot/lib/pkgconfig/my_bot.pc'
[9.178s] Level 1:colcon.colcon_core.environment:checking '/home/chaker/turtlebot3_ws/MyBots/install/my_bot/lib/python3.10/site-packages'
[9.179s] Level 1:colcon.colcon_core.environment:checking '/home/chaker/turtlebot3_ws/MyBots/install/my_bot/bin'
[9.179s] INFO:colcon.colcon_core.shell:Creating package script '/home/chaker/turtlebot3_ws/MyBots/install/my_bot/share/my_bot/package.ps1'
[9.180s] INFO:colcon.colcon_core.shell:Creating package descriptor '/home/chaker/turtlebot3_ws/MyBots/install/my_bot/share/my_bot/package.dsv'
[9.181s] INFO:colcon.colcon_core.shell:Creating package script '/home/chaker/turtlebot3_ws/MyBots/install/my_bot/share/my_bot/package.sh'
[9.181s] INFO:colcon.colcon_core.shell:Creating package script '/home/chaker/turtlebot3_ws/MyBots/install/my_bot/share/my_bot/package.bash'
[9.182s] INFO:colcon.colcon_core.shell:Creating package script '/home/chaker/turtlebot3_ws/MyBots/install/my_bot/share/my_bot/package.zsh'
[9.182s] Level 1:colcon.colcon_core.environment:create_file_with_runtime_dependencies(/home/chaker/turtlebot3_ws/MyBots/install/my_bot/share/colcon-core/packages/my_bot)
[9.183s] DEBUG:colcon.colcon_parallel_executor.executor.parallel:closing loop
[9.183s] DEBUG:colcon.colcon_parallel_executor.executor.parallel:loop closed
[9.183s] DEBUG:colcon.colcon_parallel_executor.executor.parallel:run_until_complete finished with '0'
[9.183s] DEBUG:colcon.colcon_core.event_reactor:joining thread
[9.189s] INFO:colcon.colcon_core.plugin_system:Skipping extension 'colcon_notification.desktop_notification.terminal_notifier': Not used on non-Darwin systems
[9.189s] INFO:colcon.colcon_core.plugin_system:Skipping extension 'colcon_notification.desktop_notification.win32': Not used on non-Windows systems
[9.189s] INFO:colcon.colcon_notification.desktop_notification:Sending desktop notification using 'notify2'
[9.209s] DEBUG:colcon.colcon_core.event_reactor:joined thread
[9.209s] INFO:colcon.colcon_core.shell:Creating prefix script '/home/chaker/turtlebot3_ws/MyBots/install/local_setup.ps1'
[9.210s] INFO:colcon.colcon_core.shell:Creating prefix util module '/home/chaker/turtlebot3_ws/MyBots/install/_local_setup_util_ps1.py'
[9.212s] INFO:colcon.colcon_core.shell:Creating prefix chain script '/home/chaker/turtlebot3_ws/MyBots/install/setup.ps1'
[9.213s] INFO:colcon.colcon_core.shell:Creating prefix script '/home/chaker/turtlebot3_ws/MyBots/install/local_setup.sh'
[9.214s] INFO:colcon.colcon_core.shell:Creating prefix util module '/home/chaker/turtlebot3_ws/MyBots/install/_local_setup_util_sh.py'
[9.215s] INFO:colcon.colcon_core.shell:Creating prefix chain script '/home/chaker/turtlebot3_ws/MyBots/install/setup.sh'
[9.216s] INFO:colcon.colcon_core.shell:Creating prefix script '/home/chaker/turtlebot3_ws/MyBots/install/local_setup.bash'
[9.217s] INFO:colcon.colcon_core.shell:Creating prefix chain script '/home/chaker/turtlebot3_ws/MyBots/install/setup.bash'
[9.219s] INFO:colcon.colcon_core.shell:Creating prefix script '/home/chaker/turtlebot3_ws/MyBots/install/local_setup.zsh'
[9.220s] INFO:colcon.colcon_core.shell:Creating prefix chain script '/home/chaker/turtlebot3_ws/MyBots/install/setup.zsh'
