[0.009s] Invoking command in '/home/chaker/turtlebot3_ws/build/turtlebot3_simulations': AMENT_PREFIX_PATH=/home/chaker/turtlebot3_ws/install/turtlebot3_gazebo:/home/chaker/turtlebot3_ws/install/turtlebot3_fake_node:${AMENT_PREFIX_PATH} CMAKE_PREFIX_PATH=/home/chaker/turtlebot3_ws/install/turtlebot3_gazebo:/home/chaker/turtlebot3_ws/install/turtlebot3_fake_node:/opt/ros/humble /usr/bin/cmake /home/chaker/turtlebot3_ws/src/turtlebot3_simulations/turtlebot3_simulations -DAMENT_CMAKE_SYMLINK_INSTALL=1 -DCMAKE_INSTALL_PREFIX=/home/chaker/turtlebot3_ws/install/turtlebot3_simulations
[0.089s] -- The C compiler identification is GNU 11.4.0
[0.153s] -- The CXX compiler identification is GNU 11.4.0
[0.164s] -- Detecting C compiler ABI info
[0.243s] -- Detecting C compiler ABI info - done
[0.250s] -- Check for working C compiler: /usr/bin/cc - skipped
[0.251s] -- Detecting C compile features
[0.252s] -- Detecting C compile features - done
[0.256s] -- Detecting CXX compiler ABI info
[0.344s] -- Detecting CXX compiler ABI info - done
[0.351s] -- Check for working CXX compiler: /usr/bin/c++ - skipped
[0.351s] -- Detecting CXX compile features
[0.352s] -- Detecting CXX compile features - done
[0.359s] -- Found ament_cmake: 1.3.10 (/opt/ros/humble/share/ament_cmake/cmake)
[0.522s] -- Found Python3: /usr/bin/python3 (found version "3.10.12") found components: Interpreter 
[0.598s] -- Override CMake install command with custom implementation using symlinks instead of copying resources
[0.710s] -- Configuring done
[0.712s] -- Generating done
[0.713s] -- Build files have been written to: /home/chaker/turtlebot3_ws/build/turtlebot3_simulations
[0.717s] Invoked command in '/home/chaker/turtlebot3_ws/build/turtlebot3_simulations' returned '0': AMENT_PREFIX_PATH=/home/chaker/turtlebot3_ws/install/turtlebot3_gazebo:/home/chaker/turtlebot3_ws/install/turtlebot3_fake_node:${AMENT_PREFIX_PATH} CMAKE_PREFIX_PATH=/home/chaker/turtlebot3_ws/install/turtlebot3_gazebo:/home/chaker/turtlebot3_ws/install/turtlebot3_fake_node:/opt/ros/humble /usr/bin/cmake /home/chaker/turtlebot3_ws/src/turtlebot3_simulations/turtlebot3_simulations -DAMENT_CMAKE_SYMLINK_INSTALL=1 -DCMAKE_INSTALL_PREFIX=/home/chaker/turtlebot3_ws/install/turtlebot3_simulations
[0.720s] Invoking command in '/home/chaker/turtlebot3_ws/build/turtlebot3_simulations': AMENT_PREFIX_PATH=/home/chaker/turtlebot3_ws/install/turtlebot3_gazebo:/home/chaker/turtlebot3_ws/install/turtlebot3_fake_node:${AMENT_PREFIX_PATH} CMAKE_PREFIX_PATH=/home/chaker/turtlebot3_ws/install/turtlebot3_gazebo:/home/chaker/turtlebot3_ws/install/turtlebot3_fake_node:/opt/ros/humble /usr/bin/cmake --build /home/chaker/turtlebot3_ws/build/turtlebot3_simulations -- -j2 -l2
[0.760s] Invoked command in '/home/chaker/turtlebot3_ws/build/turtlebot3_simulations' returned '0': AMENT_PREFIX_PATH=/home/chaker/turtlebot3_ws/install/turtlebot3_gazebo:/home/chaker/turtlebot3_ws/install/turtlebot3_fake_node:${AMENT_PREFIX_PATH} CMAKE_PREFIX_PATH=/home/chaker/turtlebot3_ws/install/turtlebot3_gazebo:/home/chaker/turtlebot3_ws/install/turtlebot3_fake_node:/opt/ros/humble /usr/bin/cmake --build /home/chaker/turtlebot3_ws/build/turtlebot3_simulations -- -j2 -l2
[0.782s] Invoking command in '/home/chaker/turtlebot3_ws/build/turtlebot3_simulations': AMENT_PREFIX_PATH=/home/chaker/turtlebot3_ws/install/turtlebot3_gazebo:/home/chaker/turtlebot3_ws/install/turtlebot3_fake_node:${AMENT_PREFIX_PATH} CMAKE_PREFIX_PATH=/home/chaker/turtlebot3_ws/install/turtlebot3_gazebo:/home/chaker/turtlebot3_ws/install/turtlebot3_fake_node:/opt/ros/humble /usr/bin/cmake --install /home/chaker/turtlebot3_ws/build/turtlebot3_simulations
[0.791s] -- Install configuration: ""
[0.791s] -- Execute custom install script
[0.792s] -- Symlinking: /home/chaker/turtlebot3_ws/install/turtlebot3_simulations/share/ament_index/resource_index/package_run_dependencies/turtlebot3_simulations
[0.802s] -- Symlinking: /home/chaker/turtlebot3_ws/install/turtlebot3_simulations/share/ament_index/resource_index/parent_prefix_path/turtlebot3_simulations
[0.812s] -- Symlinking: /home/chaker/turtlebot3_ws/install/turtlebot3_simulations/share/turtlebot3_simulations/environment/ament_prefix_path.sh
[0.821s] -- Symlinking: /home/chaker/turtlebot3_ws/install/turtlebot3_simulations/share/turtlebot3_simulations/environment/ament_prefix_path.dsv
[0.831s] -- Symlinking: /home/chaker/turtlebot3_ws/install/turtlebot3_simulations/share/turtlebot3_simulations/environment/path.sh
[0.840s] -- Symlinking: /home/chaker/turtlebot3_ws/install/turtlebot3_simulations/share/turtlebot3_simulations/environment/path.dsv
[0.851s] -- Symlinking: /home/chaker/turtlebot3_ws/install/turtlebot3_simulations/share/turtlebot3_simulations/local_setup.bash
[0.861s] -- Symlinking: /home/chaker/turtlebot3_ws/install/turtlebot3_simulations/share/turtlebot3_simulations/local_setup.sh
[0.870s] -- Symlinking: /home/chaker/turtlebot3_ws/install/turtlebot3_simulations/share/turtlebot3_simulations/local_setup.zsh
[0.880s] -- Symlinking: /home/chaker/turtlebot3_ws/install/turtlebot3_simulations/share/turtlebot3_simulations/local_setup.dsv
[0.890s] -- Symlinking: /home/chaker/turtlebot3_ws/install/turtlebot3_simulations/share/turtlebot3_simulations/package.dsv
[0.899s] -- Symlinking: /home/chaker/turtlebot3_ws/install/turtlebot3_simulations/share/ament_index/resource_index/packages/turtlebot3_simulations
[0.909s] -- Symlinking: /home/chaker/turtlebot3_ws/install/turtlebot3_simulations/share/turtlebot3_simulations/cmake/turtlebot3_simulationsConfig.cmake
[0.919s] -- Symlinking: /home/chaker/turtlebot3_ws/install/turtlebot3_simulations/share/turtlebot3_simulations/cmake/turtlebot3_simulationsConfig-version.cmake
[0.928s] -- Symlinking: /home/chaker/turtlebot3_ws/install/turtlebot3_simulations/share/turtlebot3_simulations/package.xml
[0.941s] Invoked command in '/home/chaker/turtlebot3_ws/build/turtlebot3_simulations' returned '0': AMENT_PREFIX_PATH=/home/chaker/turtlebot3_ws/install/turtlebot3_gazebo:/home/chaker/turtlebot3_ws/install/turtlebot3_fake_node:${AMENT_PREFIX_PATH} CMAKE_PREFIX_PATH=/home/chaker/turtlebot3_ws/install/turtlebot3_gazebo:/home/chaker/turtlebot3_ws/install/turtlebot3_fake_node:/opt/ros/humble /usr/bin/cmake --install /home/chaker/turtlebot3_ws/build/turtlebot3_simulations
