[0.012s] Invoking command in '/home/chaker/gazebo/build/line_bot': CMAKE_PREFIX_PATH=/opt/ros/humble /usr/bin/cmake /home/chaker/gazebo/src/line_bot -DCMAKE_INSTALL_PREFIX=/home/chaker/gazebo/install/line_bot
[0.068s] -- The C compiler identification is GNU 11.4.0
[0.137s] -- The CXX compiler identification is GNU 11.4.0
[0.146s] -- Detecting C compiler ABI info
[0.249s] -- Detecting C compiler ABI info - done
[0.257s] -- Check for working C compiler: /usr/bin/cc - skipped
[0.258s] -- Detecting C compile features
[0.258s] -- Detecting C compile features - done
[0.262s] -- Detecting CXX compiler ABI info
[0.361s] -- Detecting CXX compiler ABI info - done
[0.369s] -- Check for working CXX compiler: /usr/bin/c++ - skipped
[0.370s] -- Detecting CXX compile features
[0.372s] -- Detecting CXX compile features - done
[0.374s] -- Found ament_cmake: 1.3.10 (/opt/ros/humble/share/ament_cmake/cmake)
[0.561s] -- Found Python3: /usr/bin/python3 (found version "3.10.12") found components: Interpreter 
[0.681s] -- Found rclcpp: 16.0.10 (/opt/ros/humble/share/rclcpp/cmake)
[0.729s] -- Found rosidl_generator_c: 3.1.5 (/opt/ros/humble/share/rosidl_generator_c/cmake)
[0.736s] -- Found rosidl_adapter: 3.1.5 (/opt/ros/humble/share/rosidl_adapter/cmake)
[0.745s] -- Found rosidl_generator_cpp: 3.1.5 (/opt/ros/humble/share/rosidl_generator_cpp/cmake)
[0.760s] -- Using all available rosidl_typesupport_c: rosidl_typesupport_fastrtps_c;rosidl_typesupport_introspection_c
[0.779s] -- Using all available rosidl_typesupport_cpp: rosidl_typesupport_fastrtps_cpp;rosidl_typesupport_introspection_cpp
[0.832s] -- Found rmw_implementation_cmake: 6.1.2 (/opt/ros/humble/share/rmw_implementation_cmake/cmake)
[0.834s] -- Found rmw_fastrtps_cpp: 6.2.7 (/opt/ros/humble/share/rmw_fastrtps_cpp/cmake)
[0.944s] -- Found OpenSSL: /usr/lib/x86_64-linux-gnu/libcrypto.so (found version "3.0.2")  
[0.982s] -- Found FastRTPS: /opt/ros/humble/include  
[1.037s] -- Using RMW implementation 'rmw_fastrtps_cpp' as default
[1.045s] -- Looking for pthread.h
[1.136s] -- Looking for pthread.h - found
[1.137s] -- Performing Test CMAKE_HAVE_LIBC_PTHREAD
[1.230s] -- Performing Test CMAKE_HAVE_LIBC_PTHREAD - Success
[1.233s] -- Found Threads: TRUE  
[1.312s] -- Found sensor_msgs: 4.2.4 (/opt/ros/humble/share/sensor_msgs/cmake)
[1.353s] -- Found cv_bridge: 3.2.1 (/opt/ros/humble/share/cv_bridge/cmake)
[1.376s] -- Found OpenCV: /usr (found version "4.5.4") 
[1.483s] -- Configuring done
[1.499s] -- Generating done
[1.500s] -- Build files have been written to: /home/chaker/gazebo/build/line_bot
[1.526s] Invoked command in '/home/chaker/gazebo/build/line_bot' returned '0': CMAKE_PREFIX_PATH=/opt/ros/humble /usr/bin/cmake /home/chaker/gazebo/src/line_bot -DCMAKE_INSTALL_PREFIX=/home/chaker/gazebo/install/line_bot
[1.526s] Invoking command in '/home/chaker/gazebo/build/line_bot': CMAKE_PREFIX_PATH=/opt/ros/humble /usr/bin/cmake --build /home/chaker/gazebo/build/line_bot -- -j2 -l2
[1.604s] [ 50%] [32mBuilding CXX object CMakeFiles/line_follower_node.dir/src/line_follower_node.cpp.o[0m
[12.651s] [100%] [32m[1mLinking CXX executable line_follower_node[0m
[13.659s] [100%] Built target line_follower_node
[13.670s] Invoked command in '/home/chaker/gazebo/build/line_bot' returned '0': CMAKE_PREFIX_PATH=/opt/ros/humble /usr/bin/cmake --build /home/chaker/gazebo/build/line_bot -- -j2 -l2
[13.705s] Invoking command in '/home/chaker/gazebo/build/line_bot': CMAKE_PREFIX_PATH=/opt/ros/humble /usr/bin/cmake --install /home/chaker/gazebo/build/line_bot
[13.714s] -- Install configuration: ""
[13.714s] -- Installing: /home/chaker/gazebo/install/line_bot/lib/line_bot/line_follower_node
[13.717s] -- Set runtime path of "/home/chaker/gazebo/install/line_bot/lib/line_bot/line_follower_node" to ""
[13.717s] -- Installing: /home/chaker/gazebo/install/line_bot/share/line_bot/launch
[13.717s] -- Installing: /home/chaker/gazebo/install/line_bot/share/line_bot/launch/robot.launch.py
[13.717s] -- Installing: /home/chaker/gazebo/install/line_bot/share/line_bot/model
[13.718s] -- Installing: /home/chaker/gazebo/install/line_bot/share/line_bot/model/robot.sdf
[13.718s] -- Installing: /home/chaker/gazebo/install/line_bot/share/line_bot/model/line_world.sdf
[13.718s] -- Installing: /home/chaker/gazebo/install/line_bot/share/ament_index/resource_index/package_run_dependencies/line_bot
[13.718s] -- Installing: /home/chaker/gazebo/install/line_bot/share/ament_index/resource_index/parent_prefix_path/line_bot
[13.718s] -- Installing: /home/chaker/gazebo/install/line_bot/share/line_bot/environment/ament_prefix_path.sh
[13.718s] -- Installing: /home/chaker/gazebo/install/line_bot/share/line_bot/environment/ament_prefix_path.dsv
[13.718s] -- Installing: /home/chaker/gazebo/install/line_bot/share/line_bot/environment/path.sh
[13.718s] -- Installing: /home/chaker/gazebo/install/line_bot/share/line_bot/environment/path.dsv
[13.718s] -- Installing: /home/chaker/gazebo/install/line_bot/share/line_bot/local_setup.bash
[13.718s] -- Installing: /home/chaker/gazebo/install/line_bot/share/line_bot/local_setup.sh
[13.718s] -- Installing: /home/chaker/gazebo/install/line_bot/share/line_bot/local_setup.zsh
[13.718s] -- Installing: /home/chaker/gazebo/install/line_bot/share/line_bot/local_setup.dsv
[13.718s] -- Installing: /home/chaker/gazebo/install/line_bot/share/line_bot/package.dsv
[13.719s] -- Installing: /home/chaker/gazebo/install/line_bot/share/ament_index/resource_index/packages/line_bot
[13.719s] -- Installing: /home/chaker/gazebo/install/line_bot/share/line_bot/cmake/line_botConfig.cmake
[13.719s] -- Installing: /home/chaker/gazebo/install/line_bot/share/line_bot/cmake/line_botConfig-version.cmake
[13.719s] -- Installing: /home/chaker/gazebo/install/line_bot/share/line_bot/package.xml
[13.721s] Invoked command in '/home/chaker/gazebo/build/line_bot' returned '0': CMAKE_PREFIX_PATH=/opt/ros/humble /usr/bin/cmake --install /home/chaker/gazebo/build/line_bot
