[0.032s] Invoking command in '/home/chaker/turtlebot3_ws/build/turtlebot3_gazebo': CMAKE_PREFIX_PATH=/opt/ros/humble /usr/bin/cmake /home/chaker/turtlebot3_ws/src/turtlebot3_simulations/turtlebot3_gazebo -DAMENT_CMAKE_SYMLINK_INSTALL=1 -DCMAKE_INSTALL_PREFIX=/home/chaker/turtlebot3_ws/install/turtlebot3_gazebo
[0.113s] -- The C compiler identification is GNU 11.4.0
[0.203s] -- The CXX compiler identification is GNU 11.4.0
[0.214s] -- Detecting C compiler ABI info
[0.345s] -- Detecting C compiler ABI info - done
[0.354s] -- Check for working C compiler: /usr/bin/cc - skipped
[0.355s] -- Detecting C compile features
[0.355s] -- Detecting C compile features - done
[0.359s] -- Detecting CXX compiler ABI info
[0.509s] -- Detecting CXX compiler ABI info - done
[0.523s] -- Check for working CXX compiler: /usr/bin/c++ - skipped
[0.524s] -- Detecting CXX compile features
[0.525s] -- Detecting CXX compile features - done
[0.534s] -- Found ament_cmake: 1.3.10 (/opt/ros/humble/share/ament_cmake/cmake)
[0.825s] -- Found Python3: /usr/bin/python3 (found version "3.10.12") found components: Interpreter 
[0.947s] -- Override CMake install command with custom implementation using symlinks instead of copying resources
[0.982s] [33mCMake Warning (dev) at /usr/share/cmake-3.22/Modules/FindPackageHandleStandardArgs.cmake:438 (message):
[0.982s]   The package name passed to `find_package_handle_standard_args` (PkgConfig)
[0.982s]   does not match the name of the calling package (gazebo).  This can lead to
[0.982s]   problems in calling code that expects `find_package` result variables
[0.982s]   (e.g., `_FOUND`) to follow a certain pattern.
[0.982s] Call Stack (most recent call first):
[0.982s]   /usr/share/cmake-3.22/Modules/FindPkgConfig.cmake:99 (find_package_handle_standard_args)
[0.982s]   /usr/lib/x86_64-linux-gnu/cmake/gazebo/gazebo-config.cmake:72 (include)
[0.982s]   CMakeLists.txt:23 (find_package)
[0.982s] This warning is for project developers.  Use -Wno-dev to suppress it.
[0.982s] [0m
[0.983s] -- Found PkgConfig: /usr/bin/pkg-config (found version "0.29.2") 
[0.987s] -- Checking for module 'bullet>=2.82'
[1.007s] --   Found bullet, version 3.05
[1.216s] -- Found fcl: /usr/include (found suitable version "0.7.0", minimum required is "0.5.0") 
[1.298s] -- Found assimp: /usr/include (found version "5.2.0") 
[1.320s] -- Found DART: /usr/include (Required is at least version "6.6") found components: dart 
[1.548s] -- Found Boost: /usr/lib/x86_64-linux-gnu/cmake/Boost-1.74.0/BoostConfig.cmake (found suitable version "1.74.0", minimum required is "1.40.0") found components: thread system filesystem program_options regex iostreams date_time 
[1.568s] -- Found Protobuf: /usr/lib/x86_64-linux-gnu/libprotobuf.so (found version "3.12.4") 
[1.575s] -- Looking for ignition-math6 -- found version 6.15.1
[1.580s] -- Searching for dependencies of ignition-math6
[1.581s] -- Looking for OGRE...
[1.581s] -- OGRE_PREFIX_WATCH changed.
[1.588s] -- Checking for module 'OGRE'
[1.604s] --   Found OGRE, version 1.9.0
[1.652s] -- Found Ogre Ghadamon (1.9.0)
[1.668s] -- Found OGRE: optimized;/usr/lib/x86_64-linux-gnu/libOgreMain.so;debug;/usr/lib/x86_64-linux-gnu/libOgreMain.so
[1.680s] -- Looking for OGRE_Paging...
[1.690s] -- Found OGRE_Paging: optimized;/usr/lib/x86_64-linux-gnu/libOgrePaging.so;debug;/usr/lib/x86_64-linux-gnu/libOgrePaging.so
[1.691s] -- Looking for OGRE_Terrain...
[1.701s] -- Found OGRE_Terrain: optimized;/usr/lib/x86_64-linux-gnu/libOgreTerrain.so;debug;/usr/lib/x86_64-linux-gnu/libOgreTerrain.so
[1.702s] -- Looking for OGRE_Property...
[1.714s] -- Found OGRE_Property: optimized;/usr/lib/x86_64-linux-gnu/libOgreProperty.so;debug;/usr/lib/x86_64-linux-gnu/libOgreProperty.so
[1.714s] -- Looking for OGRE_RTShaderSystem...
[1.729s] -- Found OGRE_RTShaderSystem: optimized;/usr/lib/x86_64-linux-gnu/libOgreRTShaderSystem.so;debug;/usr/lib/x86_64-linux-gnu/libOgreRTShaderSystem.so
[1.732s] -- Looking for OGRE_Volume...
[1.744s] -- Found OGRE_Volume: optimized;/usr/lib/x86_64-linux-gnu/libOgreVolume.so;debug;/usr/lib/x86_64-linux-gnu/libOgreVolume.so
[1.745s] -- Looking for OGRE_Overlay...
[1.758s] -- Found OGRE_Overlay: optimized;/usr/lib/x86_64-linux-gnu/libOgreOverlay.so;debug;/usr/lib/x86_64-linux-gnu/libOgreOverlay.so
[1.943s] -- Looking for ignition-math6 -- found version 6.15.1
[1.945s] -- Looking for ignition-transport8 -- found version 8.2.1
[1.946s] -- Searching for dependencies of ignition-transport8
[1.964s] -- Found Protobuf: /usr/lib/x86_64-linux-gnu/libprotobuf.so (found suitable version "3.12.4", minimum required is "3") 
[1.978s] -- Config-file not installed for ZeroMQ -- checking for pkg-config
[1.982s] -- Checking for module 'libzmq >= 4'
[1.996s] --   Found libzmq , version 4.3.4
[2.039s] -- Found ZeroMQ: TRUE (Required is at least version "4") 
[2.047s] -- Checking for module 'uuid'
[2.066s] --   Found uuid, version 2.37.2
[2.114s] -- Found UUID: TRUE  
[2.115s] -- Looking for ignition-msgs5 -- found version 5.8.1
[2.116s] -- Searching for dependencies of ignition-msgs5
[2.144s] -- Looking for ignition-math6 -- found version 6.15.1
[2.152s] -- Checking for module 'tinyxml2'
[2.165s] --   Found tinyxml2, version 9.0.0
[2.205s] -- Looking for ignition-msgs5 -- found version 5.8.1
[2.207s] -- Looking for ignition-common3 -- found version 3.14.0
[2.208s] -- Searching for dependencies of ignition-common3
[2.209s] -- Looking for dlfcn.h - found
[2.210s] -- Looking for libdl - found
[2.212s] -- Found DL: TRUE  
[2.225s] -- Found tinyobjloader: /usr/lib/x86_64-linux-gnu/cmake/tinyobjloader/tinyobjloader-config.cmake (found version "2.0.0") 
[2.231s] -- Searching for <ignition-common3> component [graphics]
[2.231s] -- Looking for ignition-common3-graphics -- found version 3.14.0
[2.232s] -- Searching for dependencies of ignition-common3-graphics
[2.232s] -- Looking for ignition-math6 -- found version 6.15.1
[2.232s] -- Looking for ignition-fuel_tools4 -- found version 4.4.0
[2.232s] -- Searching for dependencies of ignition-fuel_tools4
[2.325s] -- Found CURL: /usr/lib/x86_64-linux-gnu/libcurl.so (found version "7.81.0")  
[2.335s] -- Checking for module 'jsoncpp'
[2.353s] --   Found jsoncpp, version 1.9.5
[2.392s] -- Found JSONCPP: TRUE  
[2.399s] -- Checking for module 'libzip'
[2.418s] --   Found libzip, version 1.7.3
[2.460s] -- Found ZIP: TRUE  
[2.461s] -- Looking for ignition-common3 -- found version 3.14.0
[2.462s] -- Looking for ignition-math6 -- found version 6.15.1
[2.463s] -- Looking for ignition-msgs5 -- found version 5.8.1
[2.471s] -- Found gazebo_ros_pkgs: 3.7.0 (/opt/ros/humble/share/gazebo_ros_pkgs/cmake)
[2.471s] -- Found geometry_msgs: 4.2.4 (/opt/ros/humble/share/geometry_msgs/cmake)
[2.504s] -- Found rosidl_generator_c: 3.1.5 (/opt/ros/humble/share/rosidl_generator_c/cmake)
[2.510s] -- Found rosidl_adapter: 3.1.5 (/opt/ros/humble/share/rosidl_adapter/cmake)
[2.522s] -- Found rosidl_generator_cpp: 3.1.5 (/opt/ros/humble/share/rosidl_generator_cpp/cmake)
[2.538s] -- Using all available rosidl_typesupport_c: rosidl_typesupport_fastrtps_c;rosidl_typesupport_introspection_c
[2.557s] -- Using all available rosidl_typesupport_cpp: rosidl_typesupport_fastrtps_cpp;rosidl_typesupport_introspection_cpp
[2.603s] -- Found nav_msgs: 4.2.4 (/opt/ros/humble/share/nav_msgs/cmake)
[2.624s] -- Found rclcpp: 16.0.10 (/opt/ros/humble/share/rclcpp/cmake)
[2.670s] -- Found rmw_implementation_cmake: 6.1.2 (/opt/ros/humble/share/rmw_implementation_cmake/cmake)
[2.673s] -- Found rmw_fastrtps_cpp: 6.2.7 (/opt/ros/humble/share/rmw_fastrtps_cpp/cmake)
[2.786s] -- Found OpenSSL: /usr/lib/x86_64-linux-gnu/libcrypto.so (found version "3.0.2")  
[2.819s] -- Found FastRTPS: /opt/ros/humble/include  
[2.872s] -- Using RMW implementation 'rmw_fastrtps_cpp' as default
[2.884s] -- Found Threads: TRUE  
[2.932s] -- Found sensor_msgs: 4.2.4 (/opt/ros/humble/share/sensor_msgs/cmake)
[2.952s] -- Found tf2: 0.25.8 (/opt/ros/humble/share/tf2/cmake)
[3.060s] -- Configuring done
[3.100s] -- Generating done
[3.104s] -- Build files have been written to: /home/chaker/turtlebot3_ws/build/turtlebot3_gazebo
[3.128s] Invoked command in '/home/chaker/turtlebot3_ws/build/turtlebot3_gazebo' returned '0': CMAKE_PREFIX_PATH=/opt/ros/humble /usr/bin/cmake /home/chaker/turtlebot3_ws/src/turtlebot3_simulations/turtlebot3_gazebo -DAMENT_CMAKE_SYMLINK_INSTALL=1 -DCMAKE_INSTALL_PREFIX=/home/chaker/turtlebot3_ws/install/turtlebot3_gazebo
[3.131s] Invoking command in '/home/chaker/turtlebot3_ws/build/turtlebot3_gazebo': CMAKE_PREFIX_PATH=/opt/ros/humble /usr/bin/cmake --build /home/chaker/turtlebot3_ws/build/turtlebot3_gazebo -- -j2 -l2
[3.208s] [ 12%] [32mBuilding CXX object CMakeFiles/turtlebot3_drive.dir/src/turtlebot3_drive.cpp.o[0m
[3.218s] [ 25%] [32mBuilding CXX object CMakeFiles/obstacle1.dir/models/turtlebot3_dqn_world/obstacle_plugin/obstacle1.cc.o[0m
[28.143s] [ 37%] [32m[1mLinking CXX shared library libobstacle1.so[0m
[28.455s] [ 50%] [32m[1mLinking CXX executable turtlebot3_drive[0m
[28.583s] [ 50%] Built target obstacle1
[29.292s] [ 50%] Built target turtlebot3_drive
[29.313s] [ 62%] [32mBuilding CXX object CMakeFiles/obstacle2.dir/models/turtlebot3_dqn_world/obstacle_plugin/obstacle2.cc.o[0m
[43.012s] [ 75%] [32m[1mLinking CXX shared library libobstacle2.so[0m
[43.339s] [ 75%] Built target obstacle2
[43.361s] [ 87%] [32mBuilding CXX object CMakeFiles/obstacles.dir/models/turtlebot3_dqn_world/obstacle_plugin/obstacles.cc.o[0m
[56.732s] [100%] [32m[1mLinking CXX shared library libobstacles.so[0m
[57.060s] [100%] Built target obstacles
[57.073s] Invoked command in '/home/chaker/turtlebot3_ws/build/turtlebot3_gazebo' returned '0': CMAKE_PREFIX_PATH=/opt/ros/humble /usr/bin/cmake --build /home/chaker/turtlebot3_ws/build/turtlebot3_gazebo -- -j2 -l2
[57.113s] Invoking command in '/home/chaker/turtlebot3_ws/build/turtlebot3_gazebo': CMAKE_PREFIX_PATH=/opt/ros/humble /usr/bin/cmake --install /home/chaker/turtlebot3_ws/build/turtlebot3_gazebo
[57.120s] -- Install configuration: ""
[57.121s] -- Execute custom install script
[57.121s] -- Symlinking: /home/chaker/turtlebot3_ws/install/turtlebot3_gazebo/lib/turtlebot3_gazebo/turtlebot3_drive
[57.132s] -- Symlinking: /home/chaker/turtlebot3_ws/install/turtlebot3_gazebo/share/turtlebot3_gazebo//launch/empty_world.launch.py
[57.141s] -- Symlinking: /home/chaker/turtlebot3_ws/install/turtlebot3_gazebo/share/turtlebot3_gazebo//launch/robot_state_publisher.launch.py
[57.150s] -- Symlinking: /home/chaker/turtlebot3_ws/install/turtlebot3_gazebo/share/turtlebot3_gazebo//launch/spawn_turtlebot3.launch.py
[57.161s] -- Symlinking: /home/chaker/turtlebot3_ws/install/turtlebot3_gazebo/share/turtlebot3_gazebo//launch/turtlebot3_dqn_stage1.launch.py
[57.169s] -- Symlinking: /home/chaker/turtlebot3_ws/install/turtlebot3_gazebo/share/turtlebot3_gazebo//launch/turtlebot3_dqn_stage2.launch.py
[57.179s] -- Symlinking: /home/chaker/turtlebot3_ws/install/turtlebot3_gazebo/share/turtlebot3_gazebo//launch/turtlebot3_dqn_stage3.launch.py
[57.187s] -- Symlinking: /home/chaker/turtlebot3_ws/install/turtlebot3_gazebo/share/turtlebot3_gazebo//launch/turtlebot3_dqn_stage4.launch.py
[57.198s] -- Symlinking: /home/chaker/turtlebot3_ws/install/turtlebot3_gazebo/share/turtlebot3_gazebo//launch/turtlebot3_house.launch.py
[57.207s] -- Symlinking: /home/chaker/turtlebot3_ws/install/turtlebot3_gazebo/share/turtlebot3_gazebo//launch/turtlebot3_world.launch.py
[57.219s] -- Symlinking: /home/chaker/turtlebot3_ws/install/turtlebot3_gazebo/share/turtlebot3_gazebo//models/turtlebot3_burger/model-1_4.sdf
[57.228s] -- Symlinking: /home/chaker/turtlebot3_ws/install/turtlebot3_gazebo/share/turtlebot3_gazebo//models/turtlebot3_burger/model.config
[57.237s] -- Symlinking: /home/chaker/turtlebot3_ws/install/turtlebot3_gazebo/share/turtlebot3_gazebo//models/turtlebot3_burger/model.sdf
[57.246s] -- Symlinking: /home/chaker/turtlebot3_ws/install/turtlebot3_gazebo/share/turtlebot3_gazebo//models/turtlebot3_common/meshes/burger_base.dae
[57.256s] -- Symlinking: /home/chaker/turtlebot3_ws/install/turtlebot3_gazebo/share/turtlebot3_gazebo//models/turtlebot3_common/meshes/lds.dae
[57.265s] -- Symlinking: /home/chaker/turtlebot3_ws/install/turtlebot3_gazebo/share/turtlebot3_gazebo//models/turtlebot3_common/meshes/r200.dae
[57.274s] -- Symlinking: /home/chaker/turtlebot3_ws/install/turtlebot3_gazebo/share/turtlebot3_gazebo//models/turtlebot3_common/meshes/tire.dae
[57.284s] -- Symlinking: /home/chaker/turtlebot3_ws/install/turtlebot3_gazebo/share/turtlebot3_gazebo//models/turtlebot3_common/meshes/waffle_base.dae
[57.297s] -- Symlinking: /home/chaker/turtlebot3_ws/install/turtlebot3_gazebo/share/turtlebot3_gazebo//models/turtlebot3_common/meshes/waffle_pi_base.dae
[57.304s] -- Symlinking: /home/chaker/turtlebot3_ws/install/turtlebot3_gazebo/share/turtlebot3_gazebo//models/turtlebot3_common/model.config
[57.318s] -- Symlinking: /home/chaker/turtlebot3_ws/install/turtlebot3_gazebo/share/turtlebot3_gazebo//models/turtlebot3_dqn_world/goal_box/model.config
[57.327s] -- Symlinking: /home/chaker/turtlebot3_ws/install/turtlebot3_gazebo/share/turtlebot3_gazebo//models/turtlebot3_dqn_world/goal_box/model.sdf
[57.336s] -- Symlinking: /home/chaker/turtlebot3_ws/install/turtlebot3_gazebo/share/turtlebot3_gazebo//models/turtlebot3_dqn_world/inner_walls/model.config
[57.346s] -- Symlinking: /home/chaker/turtlebot3_ws/install/turtlebot3_gazebo/share/turtlebot3_gazebo//models/turtlebot3_dqn_world/inner_walls/model.sdf
[57.355s] -- Symlinking: /home/chaker/turtlebot3_ws/install/turtlebot3_gazebo/share/turtlebot3_gazebo//models/turtlebot3_dqn_world/model.config
[57.364s] -- Symlinking: /home/chaker/turtlebot3_ws/install/turtlebot3_gazebo/share/turtlebot3_gazebo//models/turtlebot3_dqn_world/model.sdf
[57.375s] -- Symlinking: /home/chaker/turtlebot3_ws/install/turtlebot3_gazebo/share/turtlebot3_gazebo//models/turtlebot3_dqn_world/obstacle1/model.config
[57.385s] -- Symlinking: /home/chaker/turtlebot3_ws/install/turtlebot3_gazebo/share/turtlebot3_gazebo//models/turtlebot3_dqn_world/obstacle1/model.sdf
[57.396s] -- Symlinking: /home/chaker/turtlebot3_ws/install/turtlebot3_gazebo/share/turtlebot3_gazebo//models/turtlebot3_dqn_world/obstacle2/model.config
[57.405s] -- Symlinking: /home/chaker/turtlebot3_ws/install/turtlebot3_gazebo/share/turtlebot3_gazebo//models/turtlebot3_dqn_world/obstacle2/model.sdf
[57.415s] -- Symlinking: /home/chaker/turtlebot3_ws/install/turtlebot3_gazebo/share/turtlebot3_gazebo//models/turtlebot3_dqn_world/obstacle_plugin/CMakeLists.txt
[57.424s] -- Symlinking: /home/chaker/turtlebot3_ws/install/turtlebot3_gazebo/share/turtlebot3_gazebo//models/turtlebot3_dqn_world/obstacle_plugin/obstacle1.cc
[57.433s] -- Symlinking: /home/chaker/turtlebot3_ws/install/turtlebot3_gazebo/share/turtlebot3_gazebo//models/turtlebot3_dqn_world/obstacle_plugin/obstacle2.cc
[57.445s] -- Symlinking: /home/chaker/turtlebot3_ws/install/turtlebot3_gazebo/share/turtlebot3_gazebo//models/turtlebot3_dqn_world/obstacle_plugin/obstacles.cc
[57.453s] -- Symlinking: /home/chaker/turtlebot3_ws/install/turtlebot3_gazebo/share/turtlebot3_gazebo//models/turtlebot3_dqn_world/obstacles/model.config
[57.462s] -- Symlinking: /home/chaker/turtlebot3_ws/install/turtlebot3_gazebo/share/turtlebot3_gazebo//models/turtlebot3_dqn_world/obstacles/model.sdf
[57.472s] -- Symlinking: /home/chaker/turtlebot3_ws/install/turtlebot3_gazebo/share/turtlebot3_gazebo//models/turtlebot3_house/model.config
[57.481s] -- Symlinking: /home/chaker/turtlebot3_ws/install/turtlebot3_gazebo/share/turtlebot3_gazebo//models/turtlebot3_house/model.sdf
[57.491s] -- Symlinking: /home/chaker/turtlebot3_ws/install/turtlebot3_gazebo/share/turtlebot3_gazebo//models/turtlebot3_waffle/model-1_4.sdf
[57.502s] -- Symlinking: /home/chaker/turtlebot3_ws/install/turtlebot3_gazebo/share/turtlebot3_gazebo//models/turtlebot3_waffle/model.config
[57.511s] -- Symlinking: /home/chaker/turtlebot3_ws/install/turtlebot3_gazebo/share/turtlebot3_gazebo//models/turtlebot3_waffle/model.sdf
[57.520s] -- Symlinking: /home/chaker/turtlebot3_ws/install/turtlebot3_gazebo/share/turtlebot3_gazebo//models/turtlebot3_waffle_pi/model-1_4_.sdf
[57.530s] -- Symlinking: /home/chaker/turtlebot3_ws/install/turtlebot3_gazebo/share/turtlebot3_gazebo//models/turtlebot3_waffle_pi/model.config
[57.539s] -- Symlinking: /home/chaker/turtlebot3_ws/install/turtlebot3_gazebo/share/turtlebot3_gazebo//models/turtlebot3_waffle_pi/model.sdf
[57.549s] -- Symlinking: /home/chaker/turtlebot3_ws/install/turtlebot3_gazebo/share/turtlebot3_gazebo//models/turtlebot3_world/meshes/hexagon.dae
[57.558s] -- Symlinking: /home/chaker/turtlebot3_ws/install/turtlebot3_gazebo/share/turtlebot3_gazebo//models/turtlebot3_world/meshes/wall.dae
[57.567s] -- Symlinking: /home/chaker/turtlebot3_ws/install/turtlebot3_gazebo/share/turtlebot3_gazebo//models/turtlebot3_world/model-1_4.sdf
[57.577s] -- Symlinking: /home/chaker/turtlebot3_ws/install/turtlebot3_gazebo/share/turtlebot3_gazebo//models/turtlebot3_world/model.config
[57.587s] -- Symlinking: /home/chaker/turtlebot3_ws/install/turtlebot3_gazebo/share/turtlebot3_gazebo//models/turtlebot3_world/model.sdf
[57.597s] -- Symlinking: /home/chaker/turtlebot3_ws/install/turtlebot3_gazebo/share/turtlebot3_gazebo//rviz/tb3_gazebo.rviz
[57.607s] -- Symlinking: /home/chaker/turtlebot3_ws/install/turtlebot3_gazebo/share/turtlebot3_gazebo//urdf/common_properties.urdf
[57.617s] -- Symlinking: /home/chaker/turtlebot3_ws/install/turtlebot3_gazebo/share/turtlebot3_gazebo//urdf/turtlebot3_burger.urdf
[57.627s] -- Symlinking: /home/chaker/turtlebot3_ws/install/turtlebot3_gazebo/share/turtlebot3_gazebo//urdf/turtlebot3_waffle.urdf
[57.635s] -- Symlinking: /home/chaker/turtlebot3_ws/install/turtlebot3_gazebo/share/turtlebot3_gazebo//urdf/turtlebot3_waffle_pi.urdf
[57.653s] -- Symlinking: /home/chaker/turtlebot3_ws/install/turtlebot3_gazebo/share/turtlebot3_gazebo//worlds/empty_world.world
[57.663s] -- Symlinking: /home/chaker/turtlebot3_ws/install/turtlebot3_gazebo/share/turtlebot3_gazebo//worlds/turtlebot3_dqn_stage1.world
[57.672s] -- Symlinking: /home/chaker/turtlebot3_ws/install/turtlebot3_gazebo/share/turtlebot3_gazebo//worlds/turtlebot3_dqn_stage2.world
[57.681s] -- Symlinking: /home/chaker/turtlebot3_ws/install/turtlebot3_gazebo/share/turtlebot3_gazebo//worlds/turtlebot3_dqn_stage3.world
[57.690s] -- Symlinking: /home/chaker/turtlebot3_ws/install/turtlebot3_gazebo/share/turtlebot3_gazebo//worlds/turtlebot3_dqn_stage4.world
[57.701s] -- Symlinking: /home/chaker/turtlebot3_ws/install/turtlebot3_gazebo/share/turtlebot3_gazebo//worlds/turtlebot3_house.world
[57.710s] -- Symlinking: /home/chaker/turtlebot3_ws/install/turtlebot3_gazebo/share/turtlebot3_gazebo//worlds/turtlebot3_world.world
[57.721s] -- Symlinking: /home/chaker/turtlebot3_ws/install/turtlebot3_gazebo/include//turtlebot3_gazebo/turtlebot3_drive.hpp
[57.730s] -- Symlinking: /home/chaker/turtlebot3_ws/install/turtlebot3_gazebo/share/ament_index/resource_index/package_run_dependencies/turtlebot3_gazebo
[57.740s] -- Symlinking: /home/chaker/turtlebot3_ws/install/turtlebot3_gazebo/share/ament_index/resource_index/parent_prefix_path/turtlebot3_gazebo
[57.749s] -- Symlinking: /home/chaker/turtlebot3_ws/install/turtlebot3_gazebo/share/turtlebot3_gazebo/environment/ament_prefix_path.sh
[57.759s] -- Symlinking: /home/chaker/turtlebot3_ws/install/turtlebot3_gazebo/share/turtlebot3_gazebo/environment/ament_prefix_path.dsv
[57.768s] -- Symlinking: /home/chaker/turtlebot3_ws/install/turtlebot3_gazebo/share/turtlebot3_gazebo/environment/path.sh
[57.778s] -- Symlinking: /home/chaker/turtlebot3_ws/install/turtlebot3_gazebo/share/turtlebot3_gazebo/environment/path.dsv
[57.788s] -- Symlinking: /home/chaker/turtlebot3_ws/install/turtlebot3_gazebo/share/turtlebot3_gazebo/local_setup.bash
[57.798s] -- Symlinking: /home/chaker/turtlebot3_ws/install/turtlebot3_gazebo/share/turtlebot3_gazebo/local_setup.sh
[57.807s] -- Symlinking: /home/chaker/turtlebot3_ws/install/turtlebot3_gazebo/share/turtlebot3_gazebo/local_setup.zsh
[57.817s] -- Symlinking: /home/chaker/turtlebot3_ws/install/turtlebot3_gazebo/share/turtlebot3_gazebo/local_setup.dsv
[57.827s] -- Symlinking: /home/chaker/turtlebot3_ws/install/turtlebot3_gazebo/share/turtlebot3_gazebo/package.dsv
[57.836s] -- Symlinking: /home/chaker/turtlebot3_ws/install/turtlebot3_gazebo/share/ament_index/resource_index/packages/turtlebot3_gazebo
[57.846s] -- Symlinking: /home/chaker/turtlebot3_ws/install/turtlebot3_gazebo/share/turtlebot3_gazebo/cmake/ament_cmake_export_include_directories-extras.cmake
[57.856s] -- Symlinking: /home/chaker/turtlebot3_ws/install/turtlebot3_gazebo/share/turtlebot3_gazebo/cmake/ament_cmake_export_dependencies-extras.cmake
[57.866s] -- Symlinking: /home/chaker/turtlebot3_ws/install/turtlebot3_gazebo/share/turtlebot3_gazebo/cmake/turtlebot3_gazeboConfig.cmake
[57.875s] -- Symlinking: /home/chaker/turtlebot3_ws/install/turtlebot3_gazebo/share/turtlebot3_gazebo/cmake/turtlebot3_gazeboConfig-version.cmake
[57.885s] -- Symlinking: /home/chaker/turtlebot3_ws/install/turtlebot3_gazebo/share/turtlebot3_gazebo/package.xml
[57.899s] Invoked command in '/home/chaker/turtlebot3_ws/build/turtlebot3_gazebo' returned '0': CMAKE_PREFIX_PATH=/opt/ros/humble /usr/bin/cmake --install /home/chaker/turtlebot3_ws/build/turtlebot3_gazebo
