-- The C compiler identification is GNU 11.4.0
-- The CXX compiler identification is GNU 11.4.0
-- Detecting C compiler ABI info
-- Detecting C compiler ABI info - done
-- Check for working C compiler: /usr/bin/cc - skipped
-- Detecting C compile features
-- Detecting C compile features - done
-- Detecting CXX compiler ABI info
-- Detecting CXX compiler ABI info - done
-- Check for working CXX compiler: /usr/bin/c++ - skipped
-- Detecting CXX compile features
-- Detecting CXX compile features - done
-- Found ament_cmake: 1.3.10 (/opt/ros/humble/share/ament_cmake/cmake)
-- Found Python3: /usr/bin/python3 (found version "3.10.12") found components: Interpreter 
-- Found rclcpp: 16.0.10 (/opt/ros/humble/share/rclcpp/cmake)
-- Found rosidl_generator_c: 3.1.5 (/opt/ros/humble/share/rosidl_generator_c/cmake)
-- Found rosidl_adapter: 3.1.5 (/opt/ros/humble/share/rosidl_adapter/cmake)
-- Found rosidl_generator_cpp: 3.1.5 (/opt/ros/humble/share/rosidl_generator_cpp/cmake)
-- Using all available rosidl_typesupport_c: rosidl_typesupport_fastrtps_c;rosidl_typesupport_introspection_c
-- Using all available rosidl_typesupport_cpp: rosidl_typesupport_fastrtps_cpp;rosidl_typesupport_introspection_cpp
-- Found rmw_implementation_cmake: 6.1.2 (/opt/ros/humble/share/rmw_implementation_cmake/cmake)
-- Found rmw_fastrtps_cpp: 6.2.7 (/opt/ros/humble/share/rmw_fastrtps_cpp/cmake)
-- Found OpenSSL: /usr/lib/x86_64-linux-gnu/libcrypto.so (found version "3.0.2")  
-- Found FastRTPS: /opt/ros/humble/include  
-- Using RMW implementation 'rmw_fastrtps_cpp' as default
-- Looking for pthread.h
-- Looking for pthread.h - found
-- Performing Test CMAKE_HAVE_LIBC_PTHREAD
-- Performing Test CMAKE_HAVE_LIBC_PTHREAD - Success
-- Found Threads: TRUE  
-- Found sensor_msgs: 4.2.4 (/opt/ros/humble/share/sensor_msgs/cmake)
-- Found Protobuf: /usr/lib/x86_64-linux-gnu/libprotobuf.so (found version "3.12.4") 
-- Found Protobuf: /usr/lib/x86_64-linux-gnu/libprotobuf.so (found suitable version "3.12.4", minimum required is "3") 
-- Configuring done
-- Generating done
-- Build files have been written to: /home/chaker/turtlebot3_ws/MyBots/build/my_bot
[ 50%] [32mBuilding CXX object CMakeFiles/lidar_node.dir/src/lidar_node.cpp.o[0m
[100%] [32m[1mLinking CXX executable lidar_node[0m
[100%] Built target lidar_node
-- Install configuration: ""
-- Installing: /home/chaker/turtlebot3_ws/MyBots/install/my_bot/lib/my_bot/lidar_node
-- Set runtime path of "/home/chaker/turtlebot3_ws/MyBots/install/my_bot/lib/my_bot/lidar_node" to ""
-- Installing: /home/chaker/turtlebot3_ws/MyBots/install/my_bot/share/my_bot/launch
-- Installing: /home/chaker/turtlebot3_ws/MyBots/install/my_bot/share/my_bot/launch/robot.launch.py
-- Installing: /home/chaker/turtlebot3_ws/MyBots/install/my_bot/share/my_bot/launch/bridge.launch.py
-- Installing: /home/chaker/turtlebot3_ws/MyBots/install/my_bot/share/my_bot/config
-- Installing: /home/chaker/turtlebot3_ws/MyBots/install/my_bot/share/my_bot/config/visualization.rviz
-- Installing: /home/chaker/turtlebot3_ws/MyBots/install/my_bot/share/my_bot/model
-- Installing: /home/chaker/turtlebot3_ws/MyBots/install/my_bot/share/my_bot/model/robot.sdf
-- Installing: /home/chaker/turtlebot3_ws/MyBots/install/my_bot/share/my_bot/model/robot.urdf
-- Installing: /home/chaker/turtlebot3_ws/MyBots/install/my_bot/share/ament_index/resource_index/package_run_dependencies/my_bot
-- Installing: /home/chaker/turtlebot3_ws/MyBots/install/my_bot/share/ament_index/resource_index/parent_prefix_path/my_bot
-- Installing: /home/chaker/turtlebot3_ws/MyBots/install/my_bot/share/my_bot/environment/ament_prefix_path.sh
-- Installing: /home/chaker/turtlebot3_ws/MyBots/install/my_bot/share/my_bot/environment/ament_prefix_path.dsv
-- Installing: /home/chaker/turtlebot3_ws/MyBots/install/my_bot/share/my_bot/environment/path.sh
-- Installing: /home/chaker/turtlebot3_ws/MyBots/install/my_bot/share/my_bot/environment/path.dsv
-- Installing: /home/chaker/turtlebot3_ws/MyBots/install/my_bot/share/my_bot/local_setup.bash
-- Installing: /home/chaker/turtlebot3_ws/MyBots/install/my_bot/share/my_bot/local_setup.sh
-- Installing: /home/chaker/turtlebot3_ws/MyBots/install/my_bot/share/my_bot/local_setup.zsh
-- Installing: /home/chaker/turtlebot3_ws/MyBots/install/my_bot/share/my_bot/local_setup.dsv
-- Installing: /home/chaker/turtlebot3_ws/MyBots/install/my_bot/share/my_bot/package.dsv
-- Installing: /home/chaker/turtlebot3_ws/MyBots/install/my_bot/share/ament_index/resource_index/packages/my_bot
-- Installing: /home/chaker/turtlebot3_ws/MyBots/install/my_bot/share/my_bot/cmake/my_botConfig.cmake
-- Installing: /home/chaker/turtlebot3_ws/MyBots/install/my_bot/share/my_bot/cmake/my_botConfig-version.cmake
-- Installing: /home/chaker/turtlebot3_ws/MyBots/install/my_bot/share/my_bot/package.xml
