[0.020s] Invoking command in '/home/chaker/turtlebot3_ws/MyBots/build/my_bot': CMAKE_PREFIX_PATH=/opt/ros/humble /usr/bin/cmake /home/chaker/turtlebot3_ws/MyBots/src/my_bot -DCMAKE_INSTALL_PREFIX=/home/chaker/turtlebot3_ws/MyBots/install/my_bot
[0.130s] -- The C compiler identification is GNU 11.4.0
[0.255s] -- The CXX compiler identification is GNU 11.4.0
[0.270s] -- Detecting C compiler ABI info
[0.492s] -- Detecting C compiler ABI info - done
[0.511s] -- Check for working C compiler: /usr/bin/cc - skipped
[0.511s] -- Detecting C compile features
[0.511s] -- Detecting C compile features - done
[0.519s] -- Detecting CXX compiler ABI info
[0.730s] -- Detecting CXX compiler ABI info - done
[0.743s] -- Check for working CXX compiler: /usr/bin/c++ - skipped
[0.743s] -- Detecting CXX compile features
[0.744s] -- Detecting CXX compile features - done
[0.748s] -- Found ament_cmake: 1.3.10 (/opt/ros/humble/share/ament_cmake/cmake)
[1.053s] -- Found Python3: /usr/bin/python3 (found version "3.10.12") found components: Interpreter 
[1.225s] -- Found rclcpp: 16.0.10 (/opt/ros/humble/share/rclcpp/cmake)
[1.285s] -- Found rosidl_generator_c: 3.1.5 (/opt/ros/humble/share/rosidl_generator_c/cmake)
[1.292s] -- Found rosidl_adapter: 3.1.5 (/opt/ros/humble/share/rosidl_adapter/cmake)
[1.303s] -- Found rosidl_generator_cpp: 3.1.5 (/opt/ros/humble/share/rosidl_generator_cpp/cmake)
[1.319s] -- Using all available rosidl_typesupport_c: rosidl_typesupport_fastrtps_c;rosidl_typesupport_introspection_c
[1.343s] -- Using all available rosidl_typesupport_cpp: rosidl_typesupport_fastrtps_cpp;rosidl_typesupport_introspection_cpp
[1.391s] -- Found rmw_implementation_cmake: 6.1.2 (/opt/ros/humble/share/rmw_implementation_cmake/cmake)
[1.394s] -- Found rmw_fastrtps_cpp: 6.2.7 (/opt/ros/humble/share/rmw_fastrtps_cpp/cmake)
[1.519s] -- Found OpenSSL: /usr/lib/x86_64-linux-gnu/libcrypto.so (found version "3.0.2")  
[1.558s] -- Found FastRTPS: /opt/ros/humble/include  
[1.622s] -- Using RMW implementation 'rmw_fastrtps_cpp' as default
[1.631s] -- Looking for pthread.h
[1.810s] -- Looking for pthread.h - found
[1.811s] -- Performing Test CMAKE_HAVE_LIBC_PTHREAD
[1.971s] -- Performing Test CMAKE_HAVE_LIBC_PTHREAD - Success
[1.972s] -- Found Threads: TRUE  
[2.055s] -- Found sensor_msgs: 4.2.4 (/opt/ros/humble/share/sensor_msgs/cmake)
[2.145s] -- Found Protobuf: /usr/lib/x86_64-linux-gnu/libprotobuf.so (found version "3.12.4") 
[2.339s] -- Found Protobuf: /usr/lib/x86_64-linux-gnu/libprotobuf.so (found suitable version "3.12.4", minimum required is "3") 
[2.535s] -- Configuring done
[2.546s] -- Generating done
[2.551s] -- Build files have been written to: /home/chaker/turtlebot3_ws/MyBots/build/my_bot
[2.576s] Invoked command in '/home/chaker/turtlebot3_ws/MyBots/build/my_bot' returned '0': CMAKE_PREFIX_PATH=/opt/ros/humble /usr/bin/cmake /home/chaker/turtlebot3_ws/MyBots/src/my_bot -DCMAKE_INSTALL_PREFIX=/home/chaker/turtlebot3_ws/MyBots/install/my_bot
[2.578s] Invoking command in '/home/chaker/turtlebot3_ws/MyBots/build/my_bot': CMAKE_PREFIX_PATH=/opt/ros/humble /usr/bin/cmake --build /home/chaker/turtlebot3_ws/MyBots/build/my_bot -- -j2 -l2
[2.643s] [ 50%] [32mBuilding CXX object CMakeFiles/lidar_node.dir/src/lidar_node.cpp.o[0m
[8.142s] [100%] [32m[1mLinking CXX executable lidar_node[0m
[8.598s] [100%] Built target lidar_node
[8.610s] Invoked command in '/home/chaker/turtlebot3_ws/MyBots/build/my_bot' returned '0': CMAKE_PREFIX_PATH=/opt/ros/humble /usr/bin/cmake --build /home/chaker/turtlebot3_ws/MyBots/build/my_bot -- -j2 -l2
[8.648s] Invoking command in '/home/chaker/turtlebot3_ws/MyBots/build/my_bot': CMAKE_PREFIX_PATH=/opt/ros/humble /usr/bin/cmake --install /home/chaker/turtlebot3_ws/MyBots/build/my_bot
[8.655s] -- Install configuration: ""
[8.655s] -- Installing: /home/chaker/turtlebot3_ws/MyBots/install/my_bot/lib/my_bot/lidar_node
[8.656s] -- Set runtime path of "/home/chaker/turtlebot3_ws/MyBots/install/my_bot/lib/my_bot/lidar_node" to ""
[8.656s] -- Installing: /home/chaker/turtlebot3_ws/MyBots/install/my_bot/share/my_bot/launch
[8.657s] -- Installing: /home/chaker/turtlebot3_ws/MyBots/install/my_bot/share/my_bot/launch/robot.launch.py
[8.658s] -- Installing: /home/chaker/turtlebot3_ws/MyBots/install/my_bot/share/my_bot/launch/bridge.launch.py
[8.658s] -- Installing: /home/chaker/turtlebot3_ws/MyBots/install/my_bot/share/my_bot/config
[8.658s] -- Installing: /home/chaker/turtlebot3_ws/MyBots/install/my_bot/share/my_bot/config/visualization.rviz
[8.658s] -- Installing: /home/chaker/turtlebot3_ws/MyBots/install/my_bot/share/my_bot/model
[8.658s] -- Installing: /home/chaker/turtlebot3_ws/MyBots/install/my_bot/share/my_bot/model/robot.sdf
[8.658s] -- Installing: /home/chaker/turtlebot3_ws/MyBots/install/my_bot/share/my_bot/model/robot.urdf
[8.658s] -- Installing: /home/chaker/turtlebot3_ws/MyBots/install/my_bot/share/ament_index/resource_index/package_run_dependencies/my_bot
[8.659s] -- Installing: /home/chaker/turtlebot3_ws/MyBots/install/my_bot/share/ament_index/resource_index/parent_prefix_path/my_bot
[8.661s] -- Installing: /home/chaker/turtlebot3_ws/MyBots/install/my_bot/share/my_bot/environment/ament_prefix_path.sh
[8.661s] -- Installing: /home/chaker/turtlebot3_ws/MyBots/install/my_bot/share/my_bot/environment/ament_prefix_path.dsv
[8.661s] -- Installing: /home/chaker/turtlebot3_ws/MyBots/install/my_bot/share/my_bot/environment/path.sh
[8.661s] -- Installing: /home/chaker/turtlebot3_ws/MyBots/install/my_bot/share/my_bot/environment/path.dsv
[8.661s] -- Installing: /home/chaker/turtlebot3_ws/MyBots/install/my_bot/share/my_bot/local_setup.bash
[8.662s] -- Installing: /home/chaker/turtlebot3_ws/MyBots/install/my_bot/share/my_bot/local_setup.sh
[8.662s] -- Installing: /home/chaker/turtlebot3_ws/MyBots/install/my_bot/share/my_bot/local_setup.zsh
[8.662s] -- Installing: /home/chaker/turtlebot3_ws/MyBots/install/my_bot/share/my_bot/local_setup.dsv
[8.662s] -- Installing: /home/chaker/turtlebot3_ws/MyBots/install/my_bot/share/my_bot/package.dsv
[8.662s] -- Installing: /home/chaker/turtlebot3_ws/MyBots/install/my_bot/share/ament_index/resource_index/packages/my_bot
[8.662s] -- Installing: /home/chaker/turtlebot3_ws/MyBots/install/my_bot/share/my_bot/cmake/my_botConfig.cmake
[8.662s] -- Installing: /home/chaker/turtlebot3_ws/MyBots/install/my_bot/share/my_bot/cmake/my_botConfig-version.cmake
[8.662s] -- Installing: /home/chaker/turtlebot3_ws/MyBots/install/my_bot/share/my_bot/package.xml
[8.663s] Invoked command in '/home/chaker/turtlebot3_ws/MyBots/build/my_bot' returned '0': CMAKE_PREFIX_PATH=/opt/ros/humble /usr/bin/cmake --install /home/chaker/turtlebot3_ws/MyBots/build/my_bot
